<?xml version="1.0" encoding="UTF-8"?>
<testsuite xmlns:xsi="http://www.w3.org/2001/XMLSchema-instance" xsi:noNamespaceSchemaLocation="https://maven.apache.org/surefire/maven-surefire-plugin/xsd/surefire-test-report.xsd" version="3.0.2" name="com.cmoconnect.backendweb.BackendWebApplicationTests" time="31.801" tests="1" errors="0" skipped="0" failures="0">
  <properties>
[...]
</properties>
  <testcase name="contextLoads" classname="com.cmoconnect.backendweb.BackendWebApplicationTests" time="2.3">
    <system-out><![CDATA[14:45:03.374 [main] INFO org.springframework.test.context.support.AnnotationConfigContextLoaderUtils -- Could not detect default configuration classes for test class [com.cmoconnect.backendweb.BackendWebApplicationTests]: BackendWebApplicationTests does not declare any static, non-private, non-final, nested classes annotated with @Configuration.
14:45:03.865 [main] INFO org.springframework.boot.test.context.SpringBootTestContextBootstrapper -- Found @SpringBootConfiguration com.cmoconnect.backendweb.BackendWebApplication for test class com.cmoconnect.backendweb.BackendWebApplicationTests

  .   ____          _            __ _ _
 /\\ / ___'_ __ _ _(_)_ __  __ _ \ \ \ \
( ( )\___ | '_ | '_| | '_ \/ _` | \ \ \ \
 \\/  ___)| |_)| | | | | || (_| |  ) ) ) )
  '  |____| .__|_| |_|_| |_\__, | / / / /
 =========|_|==============|___/=/_/_/_/

 :: Spring Boot ::                (v3.4.4)

2025-04-11T14:45:06.326+01:00  INFO 22680 --- [backend-web] [           main] c.c.b.BackendWebApplicationTests         : Starting BackendWebApplicationTests using Java 17.0.12 with PID 22680 (started by hp in C:\Users\hp\IdeaProjects\CMO connect\backend-web)
2025-04-11T14:45:06.337+01:00  INFO 22680 --- [backend-web] [           main] c.c.b.BackendWebApplicationTests         : No active profile set, falling back to 1 default profile: "default"
2025-04-11T14:45:09.587+01:00  INFO 22680 --- [backend-web] [           main] .s.d.r.c.RepositoryConfigurationDelegate : Bootstrapping Spring Data JPA repositories in DEFAULT mode.
2025-04-11T14:45:09.993+01:00  INFO 22680 --- [backend-web] [           main] .s.d.r.c.RepositoryConfigurationDelegate : Finished Spring Data repository scanning in 366 ms. Found 9 JPA repository interfaces.
2025-04-11T14:45:11.767+01:00  INFO 22680 --- [backend-web] [           main] com.zaxxer.hikari.HikariDataSource       : HikariPool-1 - Starting...
2025-04-11T14:45:12.802+01:00  INFO 22680 --- [backend-web] [           main] com.zaxxer.hikari.pool.HikariPool        : HikariPool-1 - Added connection org.postgresql.jdbc.PgConnection@b5ac0c1
2025-04-11T14:45:12.802+01:00  INFO 22680 --- [backend-web] [           main] com.zaxxer.hikari.HikariDataSource       : HikariPool-1 - Start completed.
2025-04-11T14:45:13.785+01:00  INFO 22680 --- [backend-web] [           main] liquibase.database                       : Set default schema name to public
2025-04-11T14:45:16.459+01:00  INFO 22680 --- [backend-web] [           main] liquibase.changelog                      : Reading from public.databasechangelog
2025-04-11T14:45:16.847+01:00  INFO 22680 --- [backend-web] [           main] liquibase.ui                             : Database is up to date, no changesets to execute
2025-04-11T14:45:16.861+01:00  INFO 22680 --- [backend-web] [           main] liquibase.changelog                      : Reading from public.databasechangelog
2025-04-11T14:45:16.937+01:00  INFO 22680 --- [backend-web] [           main] liquibase.util                           : UPDATE SUMMARY
2025-04-11T14:45:16.939+01:00  INFO 22680 --- [backend-web] [           main] liquibase.util                           : Run:                          0
2025-04-11T14:45:16.940+01:00  INFO 22680 --- [backend-web] [           main] liquibase.util                           : Previously run:               6
2025-04-11T14:45:16.940+01:00  INFO 22680 --- [backend-web] [           main] liquibase.util                           : Filtered out:                 0
2025-04-11T14:45:16.941+01:00  INFO 22680 --- [backend-web] [           main] liquibase.util                           : -------------------------------
2025-04-11T14:45:16.942+01:00  INFO 22680 --- [backend-web] [           main] liquibase.util                           : Total change sets:            6
2025-04-11T14:45:16.942+01:00  INFO 22680 --- [backend-web] [           main] liquibase.util                           : Update summary generated
2025-04-11T14:45:16.949+01:00  INFO 22680 --- [backend-web] [           main] liquibase.command                        : Command execution complete
2025-04-11T14:45:17.377+01:00  INFO 22680 --- [backend-web] [           main] o.hibernate.jpa.internal.util.LogHelper  : HHH000204: Processing PersistenceUnitInfo [name: default]
2025-04-11T14:45:17.752+01:00  INFO 22680 --- [backend-web] [           main] org.hibernate.Version                    : HHH000412: Hibernate ORM core version 6.6.11.Final
2025-04-11T14:45:17.936+01:00  INFO 22680 --- [backend-web] [           main] o.h.c.internal.RegionFactoryInitiator    : HHH000026: Second-level cache disabled
2025-04-11T14:45:19.411+01:00  INFO 22680 --- [backend-web] [           main] o.s.o.j.p.SpringPersistenceUnitInfo      : No LoadTimeWeaver setup: ignoring JPA class transformer
2025-04-11T14:45:19.848+01:00  INFO 22680 --- [backend-web] [           main] org.hibernate.orm.connections.pooling    : HHH10001005: Database info:
	Database JDBC URL [Connecting through datasource 'HikariDataSource (HikariPool-1)']
	Database driver: undefined/unknown
	Database version: 17.4
	Autocommit mode: undefined/unknown
	Isolation level: undefined/unknown
	Minimum pool size: undefined/unknown
	Maximum pool size: undefined/unknown
2025-04-11T14:45:26.228+01:00  INFO 22680 --- [backend-web] [           main] o.h.e.t.j.p.i.JtaPlatformInitiator       : HHH000489: No JTA platform available (set 'hibernate.transaction.jta.platform' to enable JTA platform integration)
2025-04-11T14:45:26.251+01:00  INFO 22680 --- [backend-web] [           main] j.LocalContainerEntityManagerFactoryBean : Initialized JPA EntityManagerFactory for persistence unit 'default'
2025-04-11T14:45:29.022+01:00  WARN 22680 --- [backend-web] [           main] JpaBaseConfiguration$JpaWebConfiguration : spring.jpa.open-in-view is enabled by default. Therefore, database queries may be performed during view rendering. Explicitly configure spring.jpa.open-in-view to disable this warning
2025-04-11T14:45:31.023+01:00  WARN 22680 --- [backend-web] [           main] .s.s.UserDetailsServiceAutoConfiguration : 

Using generated security password: baf569ed-50b8-4fc0-9c9f-7f4612681289

This generated password is for development use only. Your security configuration must be updated before running your application in production.

2025-04-11T14:45:31.115+01:00  INFO 22680 --- [backend-web] [           main] r$InitializeUserDetailsManagerConfigurer : Global AuthenticationManager configured with UserDetailsService bean with name inMemoryUserDetailsManager
2025-04-11T14:45:32.127+01:00  INFO 22680 --- [backend-web] [           main] c.c.b.BackendWebApplicationTests         : Started BackendWebApplicationTests in 27.45 seconds (process running for 32.187)
]]></system-out>
  </testcase>
</testsuite>